<?xml version="1.0" encoding="UTF-8"?>
<!-- Generated by org.testng.reporters.JUnitReportReporter -->
<testsuite hostname="Mac-Pro.local" failures="0" tests="2" name="test.day1" time="0.023" errors="0" timestamp="2019-10-16T09:23:38 CEST" skipped="0">
  <testcase classname="test.day1" name="secound" time="0.008"/>
  <testcase classname="test.day1" name="demo" time="0.015"/>
</testsuite> <!-- test.day1 -->
