<?xml version="1.0" encoding="UTF-8"?>
<!-- Generated by org.testng.reporters.JUnitReportReporter -->
<testsuite hostname="Mac-Pro.local" failures="0" tests="3" name="test.day3" time="0.010" errors="0" timestamp="2019-10-16T09:23:38 CEST" skipped="0">
  <testcase classname="test.day3" name="mobileLoginCarloan" time="0.005"/>
  <testcase classname="test.day3" name="loginApiCarloan" time="0.001"/>
  <testcase classname="test.day3" name="webloginCarloan" time="0.004"/>
</testsuite> <!-- test.day3 -->
