<?xml version="1.0" encoding="UTF-8"?>
<!-- Generated by org.testng.reporters.JUnitReportReporter -->
<testsuite hostname="Mac-Pro.local" failures="0" tests="3" name="test.day4" time="0.023" errors="0" timestamp="2019-10-16T16:07:15 CEST" skipped="0">
  <testcase classname="test.day4" name="mobileLoginHomeloan" time="0.002"/>
  <testcase classname="test.day4" name="loginApiHomeloan" time="0.002"/>
  <testcase classname="test.day4" name="webloginHomeloan" time="0.019"/>
</testsuite> <!-- test.day4 -->
