<?xml version="1.0" encoding="UTF-8"?>
<!-- Generated by org.testng.reporters.JUnitReportReporter -->
<testsuite hostname="Mac-Pro.local" failures="0" tests="1" name="test.day1" time="0.008" errors="0" timestamp="2019-10-19T11:06:17 CEST" skipped="0">
  <testcase classname="test.day1" name="secound" time="0.008"/>
</testsuite> <!-- test.day1 -->
