<?xml version="1.0" encoding="UTF-8"?>
<!-- Generated by org.testng.reporters.JUnitReportReporter -->
<testsuite hostname="Mac-Pro.local" failures="0" tests="1" name="test.day2" time="0.006" errors="0" timestamp="2019-10-20T23:15:18 CEST" skipped="0">
  <testcase classname="test.day2" name="ploan" time="0.006"/>
</testsuite> <!-- test.day2 -->
