<?xml version="1.0" encoding="UTF-8"?>
<!-- Generated by org.testng.reporters.JUnitReportReporter -->
<testsuite hostname="Mac-Pro.local" failures="0" tests="1" name="test.day1" time="0.006" errors="0" timestamp="2019-10-16T16:07:15 CEST" skipped="0">
  <testcase classname="test.day1" name="secound" time="0.006"/>
</testsuite> <!-- test.day1 -->
