<?xml version="1.0" encoding="UTF-8"?>
<!-- Generated by org.testng.reporters.JUnitReportReporter -->
<testsuite hostname="Mac-Pro.local" failures="0" tests="6" name="test.day3" time="0.011" errors="0" timestamp="2019-10-20T23:15:18 CEST" skipped="1">
  <testcase classname="test.day3" name="webloginCarloan" time="0.002"/>
  <testcase classname="test.day3" name="MobileSingOutCarlon" time="0.003"/>
  <testcase classname="test.day3" name="MobileSingOutCarlon" time="0.002"/>
  <testcase classname="test.day3" name="mobileLoginCarloan" time="0.002"/>
  <testcase classname="test.day3" name="MobileSingOutCarlon" time="0.002"/>
  <testcase classname="test.day3" name="MobileSingInCarlon">
    <skipped/>
  </testcase> <!-- MobileSingInCarlon -->
</testsuite> <!-- test.day3 -->
